<?xml version="1.0" encoding="UTF-8"?>
<coverage generated="1622069180698" clover="3.2.0">
  <project timestamp="1622069180698" name="All files">
    <metrics statements="36" coveredstatements="35" conditionals="19" coveredconditionals="18" methods="11" coveredmethods="10" elements="66" coveredelements="63" complexity="0" loc="36" ncloc="36" packages="2" files="2" classes="2"/>
    <package name="components">
      <metrics statements="12" coveredstatements="12" conditionals="3" coveredconditionals="2" methods="5" coveredmethods="5"/>
      <file name="Form.js" path="/Users/shimamurasatoshi/Desktop/SatoshiShimamura/60_Udemy/2021_Testing-a-Screen-with-React-Native-Testing-Library-Live-Coding-/testing-screen-react-native-example-main/src/components/Form.js">
        <metrics statements="12" coveredstatements="12" conditionals="3" coveredconditionals="2" methods="5" coveredmethods="5"/>
        <line num="10" count="1" type="stmt"/>
        <line num="61" count="1" type="stmt"/>
        <line num="62" count="30" type="stmt"/>
        <line num="63" count="30" type="cond" truecount="2" falsecount="0"/>
        <line num="64" count="6" type="stmt"/>
        <line num="67" count="30" type="stmt"/>
        <line num="78" count="1" type="stmt"/>
        <line num="79" count="15" type="stmt"/>
        <line num="86" count="1" type="cond" truecount="0" falsecount="1"/>
        <line num="87" count="30" type="stmt"/>
        <line num="89" count="15" type="stmt"/>
        <line num="92" count="6" type="stmt"/>
      </file>
    </package>
    <package name="screens">
      <metrics statements="24" coveredstatements="23" conditionals="16" coveredconditionals="16" methods="6" coveredmethods="5"/>
      <file name="SignIn.js" path="/Users/shimamurasatoshi/Desktop/SatoshiShimamura/60_Udemy/2021_Testing-a-Screen-with-React-Native-Testing-Library-Live-Coding-/testing-screen-react-native-example-main/src/screens/SignIn.js">
        <metrics statements="24" coveredstatements="23" conditionals="16" coveredconditionals="16" methods="6" coveredmethods="5"/>
        <line num="6" count="1" type="stmt"/>
        <line num="21" count="1" type="stmt"/>
        <line num="22" count="15" type="stmt"/>
        <line num="23" count="15" type="stmt"/>
        <line num="24" count="15" type="stmt"/>
        <line num="26" count="15" type="stmt"/>
        <line num="27" count="15" type="stmt"/>
        <line num="29" count="15" type="cond" truecount="2" falsecount="0"/>
        <line num="30" count="6" type="stmt"/>
        <line num="33" count="15" type="cond" truecount="2" falsecount="0"/>
        <line num="34" count="5" type="stmt"/>
        <line num="37" count="15" type="stmt"/>
        <line num="51" count="4" type="stmt"/>
        <line num="53" count="4" type="cond" truecount="4" falsecount="0"/>
        <line num="54" count="1" type="stmt"/>
        <line num="61" count="1" type="stmt"/>
        <line num="63" count="1" type="stmt"/>
        <line num="66" count="0" type="stmt"/>
        <line num="75" count="15" type="stmt"/>
        <line num="80" count="15" type="cond" truecount="4" falsecount="0"/>
        <line num="81" count="3" type="stmt"/>
        <line num="84" count="15" type="cond" truecount="4" falsecount="0"/>
        <line num="85" count="3" type="stmt"/>
        <line num="88" count="15" type="stmt"/>
      </file>
    </package>
  </project>
</coverage>
