{"/Users/shimamurasatoshi/Desktop/SatoshiShimamura/60_Udemy/2021_Testing-a-Screen-with-React-Native-Testing-Library-Live-Coding-/testing-screen-react-native-example-main/src/components/Form.js": {"path":"/Users/shimamurasatoshi/Desktop/SatoshiShimamura/60_Udemy/2021_Testing-a-Screen-with-React-Native-Testing-Library-Live-Coding-/testing-screen-react-native-example-main/src/components/Form.js","statementMap":{"0":{"start":{"line":10,"column":15},"end":{"line":59,"column":2}},"1":{"start":{"line":61,"column":21},"end":{"line":76,"column":1}},"2":{"start":{"line":62,"column":26},"end":{"line":62,"column":49}},"3":{"start":{"line":63,"column":2},"end":{"line":65,"column":3}},"4":{"start":{"line":64,"column":4},"end":{"line":64,"column":53}},"5":{"start":{"line":67,"column":2},"end":{"line":75,"column":4}},"6":{"start":{"line":78,"column":22},"end":{"line":84,"column":1}},"7":{"start":{"line":79,"column":2},"end":{"line":83,"column":4}},"8":{"start":{"line":86,"column":25},"end":{"line":98,"column":1}},"9":{"start":{"line":87,"column":26},"end":{"line":87,"column":69}},"10":{"start":{"line":87,"column":51},"end":{"line":87,"column":68}},"11":{"start":{"line":89,"column":2},"end":{"line":97,"column":4}},"12":{"start":{"line":92,"column":8},"end":{"line":94,"column":15}}},"fnMap":{"0":{"name":"(anonymous_0)","decl":{"start":{"line":61,"column":21},"end":{"line":61,"column":22}},"loc":{"start":{"line":61,"column":53},"end":{"line":76,"column":1}},"line":61},"1":{"name":"(anonymous_1)","decl":{"start":{"line":78,"column":22},"end":{"line":78,"column":23}},"loc":{"start":{"line":78,"column":55},"end":{"line":84,"column":1}},"line":78},"2":{"name":"(anonymous_2)","decl":{"start":{"line":86,"column":25},"end":{"line":86,"column":26}},"loc":{"start":{"line":86,"column":48},"end":{"line":98,"column":1}},"line":86},"3":{"name":"(anonymous_3)","decl":{"start":{"line":87,"column":42},"end":{"line":87,"column":43}},"loc":{"start":{"line":87,"column":51},"end":{"line":87,"column":68}},"line":87},"4":{"name":"(anonymous_4)","decl":{"start":{"line":91,"column":27},"end":{"line":91,"column":28}},"loc":{"start":{"line":92,"column":8},"end":{"line":94,"column":15}},"line":92}},"branchMap":{"0":{"loc":{"start":{"line":63,"column":2},"end":{"line":65,"column":3}},"type":"if","locations":[{"start":{"line":63,"column":2},"end":{"line":65,"column":3}},{"start":{"line":63,"column":2},"end":{"line":65,"column":3}}],"line":63},"1":{"loc":{"start":{"line":86,"column":28},"end":{"line":86,"column":41}},"type":"default-arg","locations":[{"start":{"line":86,"column":39},"end":{"line":86,"column":41}}],"line":86}},"s":{"0":1,"1":1,"2":30,"3":30,"4":6,"5":30,"6":1,"7":15,"8":1,"9":15,"10":30,"11":15,"12":6},"f":{"0":30,"1":15,"2":15,"3":30,"4":6},"b":{"0":[6,24],"1":[0]},"_coverageSchema":"1a1c01bbd47fc00a2c39e90264f33305004495a9","hash":"d1bb663e91fa24a039e5f61d13c5c031dd61c333"}
,"/Users/shimamurasatoshi/Desktop/SatoshiShimamura/60_Udemy/2021_Testing-a-Screen-with-React-Native-Testing-Library-Live-Coding-/testing-screen-react-native-example-main/src/screens/SignIn.js": {"path":"/Users/shimamurasatoshi/Desktop/SatoshiShimamura/60_Udemy/2021_Testing-a-Screen-with-React-Native-Testing-Library-Live-Coding-/testing-screen-react-native-example-main/src/screens/SignIn.js","statementMap":{"0":{"start":{"line":6,"column":15},"end":{"line":19,"column":2}},"1":{"start":{"line":21,"column":26},"end":{"line":72,"column":1}},"2":{"start":{"line":22,"column":34},"end":{"line":22,"column":46}},"3":{"start":{"line":23,"column":34},"end":{"line":23,"column":46}},"4":{"start":{"line":24,"column":30},"end":{"line":24,"column":45}},"5":{"start":{"line":26,"column":24},"end":{"line":26,"column":29}},"6":{"start":{"line":27,"column":24},"end":{"line":27,"column":29}},"7":{"start":{"line":29,"column":2},"end":{"line":31,"column":3}},"8":{"start":{"line":30,"column":4},"end":{"line":30,"column":27}},"9":{"start":{"line":33,"column":2},"end":{"line":35,"column":3}},"10":{"start":{"line":34,"column":4},"end":{"line":34,"column":27}},"11":{"start":{"line":37,"column":2},"end":{"line":71,"column":4}},"12":{"start":{"line":51,"column":8},"end":{"line":51,"column":24}},"13":{"start":{"line":53,"column":8},"end":{"line":68,"column":9}},"14":{"start":{"line":54,"column":10},"end":{"line":67,"column":15}},"15":{"start":{"line":61,"column":32},"end":{"line":61,"column":47}},"16":{"start":{"line":63,"column":14},"end":{"line":63,"column":37}},"17":{"start":{"line":66,"column":14},"end":{"line":66,"column":42}},"18":{"start":{"line":75,"column":41},"end":{"line":75,"column":74}},"19":{"start":{"line":80,"column":2},"end":{"line":82,"column":3}},"20":{"start":{"line":81,"column":4},"end":{"line":81,"column":43}},"21":{"start":{"line":84,"column":2},"end":{"line":86,"column":3}},"22":{"start":{"line":85,"column":4},"end":{"line":85,"column":43}},"23":{"start":{"line":88,"column":2},"end":{"line":109,"column":4}}},"fnMap":{"0":{"name":"(anonymous_0)","decl":{"start":{"line":21,"column":26},"end":{"line":21,"column":27}},"loc":{"start":{"line":21,"column":46},"end":{"line":72,"column":1}},"line":21},"1":{"name":"(anonymous_1)","decl":{"start":{"line":50,"column":11},"end":{"line":50,"column":12}},"loc":{"start":{"line":50,"column":17},"end":{"line":69,"column":7}},"line":50},"2":{"name":"(anonymous_2)","decl":{"start":{"line":61,"column":18},"end":{"line":61,"column":19}},"loc":{"start":{"line":61,"column":32},"end":{"line":61,"column":47}},"line":61},"3":{"name":"(anonymous_3)","decl":{"start":{"line":62,"column":18},"end":{"line":62,"column":19}},"loc":{"start":{"line":62,"column":24},"end":{"line":64,"column":13}},"line":62},"4":{"name":"(anonymous_4)","decl":{"start":{"line":65,"column":19},"end":{"line":65,"column":20}},"loc":{"start":{"line":65,"column":30},"end":{"line":67,"column":13}},"line":65},"5":{"name":"(anonymous_5)","decl":{"start":{"line":74,"column":15},"end":{"line":74,"column":16}},"loc":{"start":{"line":74,"column":35},"end":{"line":110,"column":1}},"line":74}},"branchMap":{"0":{"loc":{"start":{"line":29,"column":2},"end":{"line":31,"column":3}},"type":"if","locations":[{"start":{"line":29,"column":2},"end":{"line":31,"column":3}},{"start":{"line":29,"column":2},"end":{"line":31,"column":3}}],"line":29},"1":{"loc":{"start":{"line":33,"column":2},"end":{"line":35,"column":3}},"type":"if","locations":[{"start":{"line":33,"column":2},"end":{"line":35,"column":3}},{"start":{"line":33,"column":2},"end":{"line":35,"column":3}}],"line":33},"2":{"loc":{"start":{"line":53,"column":8},"end":{"line":68,"column":9}},"type":"if","locations":[{"start":{"line":53,"column":8},"end":{"line":68,"column":9}},{"start":{"line":53,"column":8},"end":{"line":68,"column":9}}],"line":53},"3":{"loc":{"start":{"line":53,"column":12},"end":{"line":53,"column":46}},"type":"binary-expr","locations":[{"start":{"line":53,"column":12},"end":{"line":53,"column":27}},{"start":{"line":53,"column":31},"end":{"line":53,"column":46}}],"line":53},"4":{"loc":{"start":{"line":80,"column":2},"end":{"line":82,"column":3}},"type":"if","locations":[{"start":{"line":80,"column":2},"end":{"line":82,"column":3}},{"start":{"line":80,"column":2},"end":{"line":82,"column":3}}],"line":80},"5":{"loc":{"start":{"line":80,"column":6},"end":{"line":80,"column":37}},"type":"binary-expr","locations":[{"start":{"line":80,"column":6},"end":{"line":80,"column":18}},{"start":{"line":80,"column":22},"end":{"line":80,"column":37}}],"line":80},"6":{"loc":{"start":{"line":84,"column":2},"end":{"line":86,"column":3}},"type":"if","locations":[{"start":{"line":84,"column":2},"end":{"line":86,"column":3}},{"start":{"line":84,"column":2},"end":{"line":86,"column":3}}],"line":84},"7":{"loc":{"start":{"line":84,"column":6},"end":{"line":84,"column":37}},"type":"binary-expr","locations":[{"start":{"line":84,"column":6},"end":{"line":84,"column":18}},{"start":{"line":84,"column":22},"end":{"line":84,"column":37}}],"line":84}},"s":{"0":1,"1":1,"2":15,"3":15,"4":15,"5":15,"6":15,"7":15,"8":6,"9":15,"10":5,"11":15,"12":4,"13":4,"14":1,"15":1,"16":1,"17":0,"18":15,"19":15,"20":3,"21":15,"22":3,"23":15},"f":{"0":15,"1":4,"2":1,"3":1,"4":0,"5":15},"b":{"0":[6,9],"1":[5,10],"2":[1,3],"3":[4,2],"4":[3,12],"5":[15,6],"6":[3,12],"7":[15,6]},"_coverageSchema":"1a1c01bbd47fc00a2c39e90264f33305004495a9","hash":"ae4ce3f295624be7263ce7e45152c28cdc642555"}
}
