TN:
SF:src/components/Form.js
FN:61,(anonymous_0)
FN:78,(anonymous_1)
FN:86,(anonymous_2)
FN:87,(anonymous_3)
FN:91,(anonymous_4)
FNF:5
FNH:5
FNDA:30,(anonymous_0)
FNDA:15,(anonymous_1)
FNDA:15,(anonymous_2)
FNDA:30,(anonymous_3)
FNDA:6,(anonymous_4)
DA:10,1
DA:61,1
DA:62,30
DA:63,30
DA:64,6
DA:67,30
DA:78,1
DA:79,15
DA:86,1
DA:87,30
DA:89,15
DA:92,6
LF:12
LH:12
BRDA:63,0,0,6
BRDA:63,0,1,24
BRDA:86,1,0,0
BRF:3
BRH:2
end_of_record
TN:
SF:src/screens/SignIn.js
FN:21,(anonymous_0)
FN:50,(anonymous_1)
FN:61,(anonymous_2)
FN:62,(anonymous_3)
FN:65,(anonymous_4)
FN:74,(anonymous_5)
FNF:6
FNH:5
FNDA:15,(anonymous_0)
FNDA:4,(anonymous_1)
FNDA:1,(anonymous_2)
FNDA:1,(anonymous_3)
FNDA:0,(anonymous_4)
FNDA:15,(anonymous_5)
DA:6,1
DA:21,1
DA:22,15
DA:23,15
DA:24,15
DA:26,15
DA:27,15
DA:29,15
DA:30,6
DA:33,15
DA:34,5
DA:37,15
DA:51,4
DA:53,4
DA:54,1
DA:61,1
DA:63,1
DA:66,0
DA:75,15
DA:80,15
DA:81,3
DA:84,15
DA:85,3
DA:88,15
LF:24
LH:23
BRDA:29,0,0,6
BRDA:29,0,1,9
BRDA:33,1,0,5
BRDA:33,1,1,10
BRDA:53,2,0,1
BRDA:53,2,1,3
BRDA:53,3,0,4
BRDA:53,3,1,2
BRDA:80,4,0,3
BRDA:80,4,1,12
BRDA:80,5,0,15
BRDA:80,5,1,6
BRDA:84,6,0,3
BRDA:84,6,1,12
BRDA:84,7,0,15
BRDA:84,7,1,6
BRF:16
BRH:16
end_of_record
